2023-02-05 19:43:24,368 - root - INFO - Epoch 0; loss: 247.9488525390625; CER: 0.8742638826370239; WER: 0.9943081736564636; val_loss: 110.6624984741211; val_CER: 0.3797134757041931; val_WER: 0.8431982398033142
2023-02-05 19:49:14,329 - root - INFO - Epoch 1; loss: 87.35106658935547; CER: 0.28158941864967346; WER: 0.7494868040084839; val_loss: 50.04521560668945; val_CER: 0.15791018307209015; val_WER: 0.5418887734413147
2023-02-05 19:55:05,121 - root - INFO - Epoch 2; loss: 53.396663665771484; CER: 0.1692156344652176; WER: 0.5717154145240784; val_loss: 36.822906494140625; val_CER: 0.11785279214382172; val_WER: 0.4328461289405823
2023-02-05 20:00:54,331 - root - INFO - Epoch 3; loss: 40.63780212402344; CER: 0.12861000001430511; WER: 0.47344863414764404; val_loss: 28.940685272216797; val_CER: 0.09110793471336365; val_WER: 0.3530058264732361
2023-02-05 20:06:43,200 - root - INFO - Epoch 4; loss: 33.06839370727539; CER: 0.10457932204008102; WER: 0.40589025616645813; val_loss: 25.669660568237305; val_CER: 0.07890691608190536; val_WER: 0.31235724687576294
2023-02-05 20:12:33,068 - root - INFO - Epoch 5; loss: 28.17934799194336; CER: 0.08846607059240341; WER: 0.355576753616333; val_loss: 22.5733642578125; val_CER: 0.06731794774532318; val_WER: 0.2694627046585083
2023-02-05 20:18:22,703 - root - INFO - Epoch 6; loss: 24.67317008972168; CER: 0.07707031071186066; WER: 0.3174504041671753; val_loss: 19.853702545166016; val_CER: 0.056913867592811584; val_WER: 0.23342519998550415
2023-02-05 20:24:11,375 - root - INFO - Epoch 7; loss: 21.950952529907227; CER: 0.06855711340904236; WER: 0.2879642844200134; val_loss: 18.51121711730957; val_CER: 0.052710991352796555; val_WER: 0.21506312489509583
2023-02-05 20:30:00,266 - root - INFO - Epoch 8; loss: 19.869544982910156; CER: 0.061735834926366806; WER: 0.26478198170661926; val_loss: 17.776975631713867; val_CER: 0.049141641706228256; val_WER: 0.20352958142757416
2023-02-05 20:35:50,023 - root - INFO - Epoch 9; loss: 18.12537956237793; CER: 0.05633948743343353; WER: 0.24559032917022705; val_loss: 17.29308319091797; val_CER: 0.04765056446194649; val_WER: 0.2005394548177719
2023-02-05 20:41:40,890 - root - INFO - Epoch 10; loss: 16.764366149902344; CER: 0.05220216140151024; WER: 0.23071375489234924; val_loss: 17.039501190185547; val_CER: 0.04562809318304062; val_WER: 0.18895722925662994
2023-02-05 20:47:31,369 - root - INFO - Epoch 11; loss: 15.505167961120605; CER: 0.04818594083189964; WER: 0.2151247262954712; val_loss: 15.82889175415039; val_CER: 0.04090604558587074; val_WER: 0.16794106364250183
2023-02-05 20:53:20,305 - root - INFO - Epoch 12; loss: 14.621232032775879; CER: 0.04530071094632149; WER: 0.20451752841472626; val_loss: 15.238028526306152; val_CER: 0.03845278546214104; val_WER: 0.15980584919452667
2023-02-05 20:59:09,502 - root - INFO - Epoch 13; loss: 13.672118186950684; CER: 0.04254526644945145; WER: 0.19391031563282013; val_loss: 14.491545677185059; val_CER: 0.03814198449254036; val_WER: 0.15908420085906982
2023-02-05 21:04:58,825 - root - INFO - Epoch 14; loss: 12.929617881774902; CER: 0.04014046490192413; WER: 0.18518444895744324; val_loss: 14.7599458694458; val_CER: 0.03724931180477142; val_WER: 0.15280556678771973
2023-02-05 21:10:48,452 - root - INFO - Epoch 15; loss: 12.273025512695312; CER: 0.038275621831417084; WER: 0.17686288058757782; val_loss: 14.483963012695312; val_CER: 0.036074839532375336; val_WER: 0.148252934217453
2023-02-05 21:16:39,003 - root - INFO - Epoch 16; loss: 11.705750465393066; CER: 0.03642457351088524; WER: 0.16915270686149597; val_loss: 14.132651329040527; val_CER: 0.03549675643444061; val_WER: 0.14744503796100616
2023-02-05 21:22:28,221 - root - INFO - Epoch 17; loss: 11.116778373718262; CER: 0.03450610861182213; WER: 0.16253218054771423; val_loss: 13.859522819519043; val_CER: 0.03319614753127098; val_WER: 0.14077462255954742
2023-02-05 21:28:19,328 - root - INFO - Epoch 18; loss: 10.63813304901123; CER: 0.03314923867583275; WER: 0.15659712255001068; val_loss: 13.963963508605957; val_CER: 0.03251767158508301; val_WER: 0.1369178593158722
2023-02-05 21:34:08,723 - root - INFO - Epoch 19; loss: 10.184067726135254; CER: 0.031815435737371445; WER: 0.15141384303569794; val_loss: 13.826556205749512; val_CER: 0.03328575938940048; val_WER: 0.13944318890571594
2023-02-05 21:39:57,577 - root - INFO - Epoch 20; loss: 9.911267280578613; CER: 0.030874649062752724; WER: 0.14753735065460205; val_loss: 13.458971977233887; val_CER: 0.03193620219826698; val_WER: 0.13466228544712067
2023-02-05 21:45:47,833 - root - INFO - Epoch 21; loss: 9.508767127990723; CER: 0.029776161536574364; WER: 0.1437235325574875; val_loss: 13.409171104431152; val_CER: 0.032130829989910126; val_WER: 0.13679912686347961
2023-02-05 21:51:37,619 - root - INFO - Epoch 22; loss: 9.335856437683105; CER: 0.02912686951458454; WER: 0.14085011184215546; val_loss: 14.568669319152832; val_CER: 0.03308022767305374; val_WER: 0.1339007019996643
2023-02-05 21:57:26,612 - root - INFO - Epoch 23; loss: 8.82264518737793; CER: 0.027729332447052002; WER: 0.1340828239917755; val_loss: 13.686150550842285; val_CER: 0.031123273074626923; val_WER: 0.12752299010753632
2023-02-05 22:03:15,005 - root - INFO - Epoch 24; loss: 8.743640899658203; CER: 0.02719937451183796; WER: 0.1317371428012848; val_loss: 12.75167179107666; val_CER: 0.029723770916461945; val_WER: 0.1269095540046692
2023-02-05 22:09:03,090 - root - INFO - Epoch 25; loss: 8.362929344177246; CER: 0.026304423809051514; WER: 0.12886174023151398; val_loss: 13.013766288757324; val_CER: 0.028838330879807472; val_WER: 0.11954779177904129
2023-02-05 22:14:51,287 - root - INFO - Epoch 26; loss: 8.049901008605957; CER: 0.025389162823557854; WER: 0.12421822547912598; val_loss: 13.262173652648926; val_CER: 0.02895934507250786; val_WER: 0.12059647589921951
2023-02-05 22:20:39,407 - root - INFO - Epoch 27; loss: 7.91366720199585; CER: 0.024773376062512398; WER: 0.12249603867530823; val_loss: 13.693086624145508; val_CER: 0.03012355975806713; val_WER: 0.1266888976097107
2023-02-05 22:26:28,097 - root - INFO - Epoch 28; loss: 7.738427639007568; CER: 0.024221625179052353; WER: 0.11985598504543304; val_loss: 13.216591835021973; val_CER: 0.0287786815315485; val_WER: 0.11908911913633347
2023-02-05 22:32:18,782 - root - INFO - Epoch 29; loss: 7.454336643218994; CER: 0.023428400978446007; WER: 0.11607411503791809; val_loss: 13.078595161437988; val_CER: 0.028263909742236137; val_WER: 0.1173129752278328
2023-02-05 22:38:06,470 - root - INFO - Epoch 30; loss: 7.486428260803223; CER: 0.02355547621846199; WER: 0.11680646240711212; val_loss: 13.452860832214355; val_CER: 0.028422575443983078; val_WER: 0.11909131705760956
2023-02-05 22:43:55,053 - root - INFO - Epoch 31; loss: 7.160099983215332; CER: 0.022300032898783684; WER: 0.11136721074581146; val_loss: 13.171589851379395; val_CER: 0.02759271301329136; val_WER: 0.11340383440256119
2023-02-05 22:49:43,227 - root - INFO - Epoch 32; loss: 7.032251358032227; CER: 0.022075902670621872; WER: 0.11045906692743301; val_loss: 13.836825370788574; val_CER: 0.02831391990184784; val_WER: 0.11460523307323456
2023-02-05 22:55:31,003 - root - INFO - Epoch 33; loss: 6.868706226348877; CER: 0.02157277800142765; WER: 0.10794797539710999; val_loss: 12.94865608215332; val_CER: 0.026745999231934547; val_WER: 0.11001220345497131
2023-02-05 23:01:19,307 - root - INFO - Epoch 34; loss: 6.669069766998291; CER: 0.02086642198264599; WER: 0.10546041280031204; val_loss: 13.005918502807617; val_CER: 0.027319274842739105; val_WER: 0.11394675821065903
2023-02-05 23:07:08,035 - root - INFO - Epoch 35; loss: 6.682240009307861; CER: 0.02099158614873886; WER: 0.10548090189695358; val_loss: 13.327038764953613; val_CER: 0.027470726519823074; val_WER: 0.11307352036237717
2023-02-05 23:12:55,595 - root - INFO - Epoch 36; loss: 6.513392925262451; CER: 0.020269399508833885; WER: 0.10239292681217194; val_loss: 12.662969589233398; val_CER: 0.027122803032398224; val_WER: 0.11426862329244614
2023-02-05 23:18:44,596 - root - INFO - Epoch 37; loss: 6.145319938659668; CER: 0.01960212178528309; WER: 0.10006385296583176; val_loss: 13.115435600280762; val_CER: 0.025545116513967514; val_WER: 0.10647810995578766
2023-02-05 23:24:33,529 - root - INFO - Epoch 38; loss: 6.186217784881592; CER: 0.01945454441010952; WER: 0.09885165840387344; val_loss: 13.028646469116211; val_CER: 0.026884358376264572; val_WER: 0.11345812678337097
2023-02-05 23:30:21,593 - root - INFO - Epoch 39; loss: 6.003053665161133; CER: 0.019027860835194588; WER: 0.09737315028905869; val_loss: 13.28962230682373; val_CER: 0.026056626811623573; val_WER: 0.10772045701742172
2023-02-05 23:36:10,639 - root - INFO - Epoch 40; loss: 5.844219207763672; CER: 0.018267622217535973; WER: 0.09387639909982681; val_loss: 13.60934066772461; val_CER: 0.02677100896835327; val_WER: 0.11067181080579758
2023-02-05 23:41:59,412 - root - INFO - Epoch 41; loss: 5.946839809417725; CER: 0.018743766471743584; WER: 0.09542866051197052; val_loss: 13.459318161010742; val_CER: 0.026129089295864105; val_WER: 0.11019566655158997
2023-02-05 23:47:50,011 - root - INFO - Epoch 42; loss: 5.898484706878662; CER: 0.01849626936018467; WER: 0.0945313349366188; val_loss: 13.424418449401855; val_CER: 0.025405878201127052; val_WER: 0.10407666116952896
2023-02-05 23:53:38,708 - root - INFO - Epoch 43; loss: 5.694775581359863; CER: 0.017961861565709114; WER: 0.09205790609121323; val_loss: 13.674779891967773; val_CER: 0.0267957616597414; val_WER: 0.11300206184387207
2023-02-05 23:59:27,574 - root - INFO - Epoch 44; loss: 5.598291397094727; CER: 0.01779325120151043; WER: 0.09146642684936523; val_loss: 13.232994079589844; val_CER: 0.0260764192789793; val_WER: 0.10994218289852142
2024-11-18 00:05:16,330 - root - INFO - Epoch 45; loss: 5.427796363830566; CER: 0.01717846468091011; WER: 0.08844035863876343; val_loss: 13.188088417053223; val_CER: 0.025397319346666336; val_WER: 0.10626155138015747
2024-11-18 00:11:05,495 - root - INFO - Epoch 46; loss: 5.538210391998291; CER: 0.01747170463204384; WER: 0.08945471048355103; val_loss: 12.911886215209961; val_CER: 0.025096002966165543; val_WER: 0.1066586896777153
2024-11-18 00:16:53,296 - root - INFO - Epoch 47; loss: 5.127472877502441; CER: 0.016342097893357277; WER: 0.08551112562417984; val_loss: 13.030190467834473; val_CER: 0.024938294664025307; val_WER: 0.1047401949763298
2024-11-18 00:22:41,324 - root - INFO - Epoch 48; loss: 5.201432704925537; CER: 0.016376204788684845; WER: 0.08520512282848358; val_loss: 12.351162910461426; val_CER: 0.023876357823610306; val_WER: 0.10221952199935913
2024-11-18 00:28:30,119 - root - INFO - Epoch 49; loss: 5.085733890533447; CER: 0.015879007056355476; WER: 0.08316008746623993; val_loss: 14.028923034667969; val_CER: 0.02609657682478428; val_WER: 0.10428629070520401
2024-11-18 00:34:19,053 - root - INFO - Epoch 50; loss: 5.101438999176025; CER: 0.016216780990362167; WER: 0.08439979702234268; val_loss: 13.333443641662598; val_CER: 0.024528736248612404; val_WER: 0.10111269354820251
2024-11-18 00:40:07,660 - root - INFO - Epoch 51; loss: 4.900071620941162; CER: 0.015600782819092274; WER: 0.08195049315690994; val_loss: 13.183332443237305; val_CER: 0.024445777758955956; val_WER: 0.10240586847066879
2024-11-18 00:45:56,859 - root - INFO - Epoch 52; loss: 5.0061750411987305; CER: 0.01593894325196743; WER: 0.08234249800443649; val_loss: 14.17395305633545; val_CER: 0.02560596540570259; val_WER: 0.10615898668766022
2024-11-18 00:51:45,730 - root - INFO - Epoch 53; loss: 4.842413425445557; CER: 0.015368254855275154; WER: 0.0804198682308197; val_loss: 13.527602195739746; val_CER: 0.024680403992533684; val_WER: 0.10187160968780518
2024-11-18 00:57:33,414 - root - INFO - Epoch 54; loss: 4.254982948303223; CER: 0.013643244281411171; WER: 0.07288964092731476; val_loss: 13.078991889953613; val_CER: 0.023457670584321022; val_WER: 0.09890534728765488
2024-11-18 01:03:21,536 - root - INFO - Epoch 55; loss: 4.140340328216553; CER: 0.013337981887161732; WER: 0.07083291560411453; val_loss: 13.10767650604248; val_CER: 0.023439863696694374; val_WER: 0.0973670706152916
2024-11-18 01:09:08,846 - root - INFO - Epoch 56; loss: 4.005731582641602; CER: 0.012745294719934464; WER: 0.06848901510238647; val_loss: 12.591520309448242; val_CER: 0.022392908111214638; val_WER: 0.09342482686042786
2024-11-18 01:14:55,148 - root - INFO - Epoch 57; loss: 3.8846435546875; CER: 0.012423641048371792; WER: 0.06677507609128952; val_loss: 14.098583221435547; val_CER: 0.023945577442646027; val_WER: 0.09749731421470642
2024-11-18 01:20:42,465 - root - INFO - Epoch 58; loss: 4.001829624176025; CER: 0.012694425880908966; WER: 0.06795356422662735; val_loss: 12.917328834533691; val_CER: 0.022502627223730087; val_WER: 0.0923142209649086
2024-11-18 01:26:29,866 - root - INFO - Epoch 59; loss: 3.7868199348449707; CER: 0.011943578720092773; WER: 0.06400933116674423; val_loss: 13.190028190612793; val_CER: 0.022095035761594772; val_WER: 0.09125015139579773
2024-11-18 01:32:18,023 - root - INFO - Epoch 60; loss: 3.753438949584961; CER: 0.012036927044391632; WER: 0.06494395434856415; val_loss: 13.14328670501709; val_CER: 0.022654086351394653; val_WER: 0.09572979807853699
2024-11-18 01:38:05,470 - root - INFO - Epoch 61; loss: 3.6469483375549316; CER: 0.0115719735622406; WER: 0.0629701316356659; val_loss: 13.612071990966797; val_CER: 0.02305714040994644; val_WER: 0.09508008509874344
2024-11-18 01:43:53,813 - root - INFO - Epoch 62; loss: 3.703786611557007; CER: 0.011805652640759945; WER: 0.06325239688158035; val_loss: 13.666831016540527; val_CER: 0.02281142771244049; val_WER: 0.0948021411895752
2024-11-18 01:49:41,202 - root - INFO - Epoch 63; loss: 3.6528704166412354; CER: 0.011485643684864044; WER: 0.06232157349586487; val_loss: 12.964861869812012; val_CER: 0.02246040664613247; val_WER: 0.09384243190288544
2024-11-18 01:55:29,365 - root - INFO - Epoch 64; loss: 3.436800718307495; CER: 0.01125304400920868; WER: 0.06137755885720253; val_loss: 13.738259315490723; val_CER: 0.023285115137696266; val_WER: 0.09647683799266815
2024-11-18 02:01:16,815 - root - INFO - Epoch 65; loss: 3.175696849822998; CER: 0.010185571387410164; WER: 0.05658898130059242; val_loss: 13.14465618133545; val_CER: 0.02142515778541565; val_WER: 0.08890040963888168
2024-11-18 02:07:04,757 - root - INFO - Epoch 66; loss: 3.029705286026001; CER: 0.009677267633378506; WER: 0.05376138165593147; val_loss: 13.678132057189941; val_CER: 0.0220943633466959; val_WER: 0.09141892194747925
2024-11-18 02:12:52,515 - root - INFO - Epoch 67; loss: 2.9335825443267822; CER: 0.009469469077885151; WER: 0.05251190811395645; val_loss: 13.30302619934082; val_CER: 0.022043082863092422; val_WER: 0.09045950323343277
2024-11-18 02:18:40,091 - root - INFO - Epoch 68; loss: 2.986783266067505; CER: 0.009459199383854866; WER: 0.05202697962522507; val_loss: 13.566826820373535; val_CER: 0.022002603858709335; val_WER: 0.09180993586778641
2024-11-18 02:24:27,523 - root - INFO - Epoch 69; loss: 2.8515233993530273; CER: 0.00919109582901001; WER: 0.05126853287220001; val_loss: 13.301095008850098; val_CER: 0.02204975299537182; val_WER: 0.0927845686674118
2024-11-18 02:30:15,555 - root - INFO - Epoch 70; loss: 2.81412672996521; CER: 0.00898057036101818; WER: 0.04977921396493912; val_loss: 13.505979537963867; val_CER: 0.021793387830257416; val_WER: 0.08979174494743347
2024-11-18 02:36:05,632 - root - INFO - Epoch 71; loss: 2.4867701530456543; CER: 0.007986780256032944; WER: 0.04528074339032173; val_loss: 13.715744972229004; val_CER: 0.020709147676825523; val_WER: 0.08515744656324387
2024-11-18 02:41:53,020 - root - INFO - Epoch 72; loss: 2.3505983352661133; CER: 0.007769669406116009; WER: 0.044207677245140076; val_loss: 13.979969024658203; val_CER: 0.02085794135928154; val_WER: 0.0859467014670372
2024-11-18 02:47:40,905 - root - INFO - Epoch 73; loss: 2.3770432472229004; CER: 0.0076944404281675816; WER: 0.043499793857336044; val_loss: 13.480025291442871; val_CER: 0.020296813920140266; val_WER: 0.0838475227355957
2024-11-18 02:53:29,083 - root - INFO - Epoch 74; loss: 2.2908613681793213; CER: 0.007353459019213915; WER: 0.04186427593231201; val_loss: 13.823740005493164; val_CER: 0.021028732880949974; val_WER: 0.08574112504720688
2024-11-18 02:59:16,391 - root - INFO - Epoch 75; loss: 2.250145673751831; CER: 0.007494271267205477; WER: 0.04222268611192703; val_loss: 13.563714981079102; val_CER: 0.020766329020261765; val_WER: 0.08597405254840851
2024-11-18 03:05:04,305 - root - INFO - Epoch 76; loss: 2.2000575065612793; CER: 0.007170238997787237; WER: 0.041208989918231964; val_loss: 13.722112655639648; val_CER: 0.020603038370609283; val_WER: 0.08537110686302185
2024-11-18 03:10:52,406 - root - INFO - Epoch 77; loss: 2.1744234561920166; CER: 0.007151689380407333; WER: 0.041050516068935394; val_loss: 13.42354965209961; val_CER: 0.02018449269235134; val_WER: 0.08321696519851685
2024-11-18 03:16:40,229 - root - INFO - Epoch 78; loss: 2.208085536956787; CER: 0.006993397604674101; WER: 0.03933416306972504; val_loss: 13.483458518981934; val_CER: 0.019760649651288986; val_WER: 0.08206325024366379
2024-11-18 03:22:28,104 - root - INFO - Epoch 79; loss: 2.1839840412139893; CER: 0.0069731916300952435; WER: 0.039884213358163834; val_loss: 13.991168022155762; val_CER: 0.020617907866835594; val_WER: 0.08459622412919998
2024-11-18 03:28:15,034 - root - INFO - Epoch 80; loss: 2.187614917755127; CER: 0.007000620011240244; WER: 0.04005642235279083; val_loss: 13.874143600463867; val_CER: 0.02082272805273533; val_WER: 0.08517992496490479
2024-11-18 03:34:03,210 - root - INFO - Epoch 81; loss: 2.0649118423461914; CER: 0.006708506029099226; WER: 0.03857755288481712; val_loss: 14.027137756347656; val_CER: 0.020789194852113724; val_WER: 0.08700776845216751
2024-11-18 03:39:51,225 - root - INFO - Epoch 82; loss: 2.081585168838501; CER: 0.0066446163691580296; WER: 0.038453709334135056; val_loss: 14.189616203308105; val_CER: 0.020985914394259453; val_WER: 0.08466111123561859
2024-11-18 03:45:39,432 - root - INFO - Epoch 83; loss: 2.0760550498962402; CER: 0.0066647278144955635; WER: 0.03811489790678024; val_loss: 13.974655151367188; val_CER: 0.02022145502269268; val_WER: 0.08273706585168839
2024-11-18 03:51:28,729 - root - INFO - Epoch 84; loss: 1.8646881580352783; CER: 0.00608062231913209; WER: 0.03506084531545639; val_loss: 13.911835670471191; val_CER: 0.020206410437822342; val_WER: 0.08431034535169601
2024-11-18 03:57:17,079 - root - INFO - Epoch 85; loss: 1.861730694770813; CER: 0.005950546357780695; WER: 0.03444813936948776; val_loss: 14.353799819946289; val_CER: 0.02054009400308132; val_WER: 0.08493365347385406
2024-11-18 04:03:07,188 - root - INFO - Epoch 86; loss: 1.788764476776123; CER: 0.005767717491835356; WER: 0.033107057213783264; val_loss: 13.68237018585205; val_CER: 0.019498402252793312; val_WER: 0.08186522126197815
2024-11-18 04:08:55,880 - root - INFO - Epoch 87; loss: 1.752908706665039; CER: 0.005737749859690666; WER: 0.03345087543129921; val_loss: 13.871362686157227; val_CER: 0.01938566006720066; val_WER: 0.08055440336465836
2024-11-18 04:14:44,206 - root - INFO - Epoch 88; loss: 1.7449275255203247; CER: 0.005603340454399586; WER: 0.03266255930066109; val_loss: 14.292884826660156; val_CER: 0.0196570735424757; val_WER: 0.0807655081152916
2024-11-18 04:20:32,220 - root - INFO - Epoch 89; loss: 1.7189936637878418; CER: 0.005554331000894308; WER: 0.03198891133069992; val_loss: 13.929640769958496; val_CER: 0.020029215142130852; val_WER: 0.08296091854572296
2024-11-18 04:26:20,676 - root - INFO - Epoch 90; loss: 1.6589462757110596; CER: 0.005332087632268667; WER: 0.031245218589901924; val_loss: 14.242243766784668; val_CER: 0.019625701010227203; val_WER: 0.08135823160409927
2024-11-18 04:32:08,518 - root - INFO - Epoch 91; loss: 1.6397086381912231; CER: 0.005334765184670687; WER: 0.031393274664878845; val_loss: 14.330509185791016; val_CER: 0.019902942702174187; val_WER: 0.08124914765357971
2024-11-18 04:37:56,085 - root - INFO - Epoch 92; loss: 1.610306978225708; CER: 0.005279529839754105; WER: 0.030756298452615738; val_loss: 14.619772911071777; val_CER: 0.0197715125977993; val_WER: 0.08168402314186096
2024-11-18 04:43:43,757 - root - INFO - Epoch 93; loss: 1.4834649562835693; CER: 0.0049302359111607075; WER: 0.02936847321689129; val_loss: 14.426727294921875; val_CER: 0.01904100365936756; val_WER: 0.07809840142726898
2024-11-18 04:49:31,619 - root - INFO - Epoch 94; loss: 1.476417899131775; CER: 0.004841308109462261; WER: 0.02867327816784382; val_loss: 15.046804428100586; val_CER: 0.020059801638126373; val_WER: 0.07944833487272263
2024-11-18 04:55:20,192 - root - INFO - Epoch 95; loss: 1.5066947937011719; CER: 0.004916808567941189; WER: 0.028688594698905945; val_loss: 14.190064430236816; val_CER: 0.019352750852704048; val_WER: 0.07785391807556152
2024-11-18 05:01:11,008 - root - INFO - Epoch 96; loss: 1.3995379209518433; CER: 0.004604312591254711; WER: 0.02730429917573929; val_loss: 14.520411491394043; val_CER: 0.01931651309132576; val_WER: 0.07797610014677048
2024-11-18 05:06:59,842 - root - INFO - Epoch 97; loss: 1.3711776733398438; CER: 0.004423321224749088; WER: 0.026126526296138763; val_loss: 14.764212608337402; val_CER: 0.019293103367090225; val_WER: 0.07940872758626938
2024-11-18 05:12:47,995 - root - INFO - Epoch 98; loss: 1.4184722900390625; CER: 0.0045450301840901375; WER: 0.026989025995135307; val_loss: 14.692874908447266; val_CER: 0.019382046535611153; val_WER: 0.0803116038441658
2024-11-18 05:18:35,106 - root - INFO - Epoch 99; loss: 1.3143787384033203; CER: 0.0042868200689554214; WER: 0.025356393307447433; val_loss: 14.606821060180664; val_CER: 0.01926831156015396; val_WER: 0.07845784723758698
2024-11-18 05:24:23,395 - root - INFO - Epoch 100; loss: 1.2656545639038086; CER: 0.004183669574558735; WER: 0.024747014045715332; val_loss: 15.146871566772461; val_CER: 0.0194607712328434; val_WER: 0.08102872222661972
2024-11-18 05:30:11,533 - root - INFO - Epoch 101; loss: 1.2365648746490479; CER: 0.0040304227732121944; WER: 0.0241486094892025; val_loss: 15.267284393310547; val_CER: 0.01947183720767498; val_WER: 0.07973501831293106
2024-11-18 05:35:59,471 - root - INFO - Epoch 102; loss: 1.1532365083694458; CER: 0.0037809472996741533; WER: 0.022500813007354736; val_loss: 14.876874923706055; val_CER: 0.01890667714178562; val_WER: 0.07726501673460007
2024-11-18 05:41:48,486 - root - INFO - Epoch 103; loss: 1.2004386186599731; CER: 0.0038614626973867416; WER: 0.02318272367119789; val_loss: 14.791714668273926; val_CER: 0.019016895443201065; val_WER: 0.07846247404813766
2024-11-18 05:47:36,509 - root - INFO - Epoch 104; loss: 1.157131552696228; CER: 0.0038260070141404867; WER: 0.022742396220564842; val_loss: 15.08143138885498; val_CER: 0.019167136400938034; val_WER: 0.07885468006134033
2024-11-18 05:53:24,147 - root - INFO - Epoch 105; loss: 1.1658129692077637; CER: 0.003865659236907959; WER: 0.02316882647573948; val_loss: 15.017511367797852; val_CER: 0.019082652404904366; val_WER: 0.0797186940908432
2024-11-18 05:59:12,188 - root - INFO - Epoch 106; loss: 1.1077275276184082; CER: 0.0036638383753597736; WER: 0.02212398685514927; val_loss: 15.055699348449707; val_CER: 0.01879708468914032; val_WER: 0.07558498531579971
2024-11-18 06:05:00,179 - root - INFO - Epoch 107; loss: 1.129848599433899; CER: 0.003712442936375737; WER: 0.02224976010620594; val_loss: 15.751755714416504; val_CER: 0.01964443549513817; val_WER: 0.07995195686817169
2024-11-18 06:10:47,919 - root - INFO - Epoch 108; loss: 1.1050740480422974; CER: 0.00365675101056695; WER: 0.021810382604599; val_loss: 14.998037338256836; val_CER: 0.018763339146971703; val_WER: 0.07676517963409424
2024-11-18 06:16:38,065 - root - INFO - Epoch 109; loss: 1.1019693613052368; CER: 0.0036499048583209515; WER: 0.0220539141446352; val_loss: 15.308138847351074; val_CER: 0.01900402270257473; val_WER: 0.07761061936616898
2024-11-18 06:22:26,703 - root - INFO - Epoch 110; loss: 1.0749136209487915; CER: 0.0035899414215236902; WER: 0.02162260189652443; val_loss: 15.168522834777832; val_CER: 0.01902378909289837; val_WER: 0.07975690066814423
2024-11-18 06:28:14,035 - root - INFO - Epoch 111; loss: 1.074028491973877; CER: 0.00353989121504128; WER: 0.021296532824635506; val_loss: 15.635870933532715; val_CER: 0.01917671598494053; val_WER: 0.07822450250387192
2024-11-18 06:34:03,674 - root - INFO - Epoch 112; loss: 1.0842534303665161; CER: 0.0034258300438523293; WER: 0.020510006695985794; val_loss: 15.271783828735352; val_CER: 0.019046485424041748; val_WER: 0.0770295187830925
2024-11-18 06:39:51,909 - root - INFO - Epoch 113; loss: 1.078507423400879; CER: 0.0034154343884438276; WER: 0.020214730873703957; val_loss: 15.514892578125; val_CER: 0.019313817843794823; val_WER: 0.07737517356872559
2024-11-18 06:45:40,593 - root - INFO - Epoch 114; loss: 1.0146371126174927; CER: 0.003298223717138171; WER: 0.019680317491292953; val_loss: 15.265149116516113; val_CER: 0.018520362675189972; val_WER: 0.07611154764890671
2024-11-18 06:51:29,442 - root - INFO - Epoch 115; loss: 0.988509476184845; CER: 0.003296769456937909; WER: 0.01978611946105957; val_loss: 14.938377380371094; val_CER: 0.01848047599196434; val_WER: 0.07630570977926254
2024-11-18 06:57:17,268 - root - INFO - Epoch 116; loss: 0.9872754812240601; CER: 0.003241881262511015; WER: 0.019766665995121002; val_loss: 15.432833671569824; val_CER: 0.018293803557753563; val_WER: 0.07486054301261902
2024-11-18 07:03:05,064 - root - INFO - Epoch 117; loss: 0.9560452699661255; CER: 0.0031458989251405; WER: 0.018788965418934822; val_loss: 15.317676544189453; val_CER: 0.01825883984565735; val_WER: 0.07523322105407715
2024-11-18 07:08:53,006 - root - INFO - Epoch 118; loss: 0.9670454859733582; CER: 0.003163789864629507; WER: 0.018641140311956406; val_loss: 15.26827335357666; val_CER: 0.018787207081913948; val_WER: 0.07791348546743393
2024-11-18 07:14:41,061 - root - INFO - Epoch 119; loss: 0.9209461212158203; CER: 0.003106537973508239; WER: 0.01907487027347088; val_loss: 15.302149772644043; val_CER: 0.01825508289039135; val_WER: 0.07398316264152527
2024-11-18 07:20:29,146 - root - INFO - Epoch 120; loss: 0.9106029272079468; CER: 0.002983242040500045; WER: 0.01794450916349888; val_loss: 15.445547103881836; val_CER: 0.018472956493496895; val_WER: 0.07449328154325485
2024-11-18 07:26:17,230 - root - INFO - Epoch 121; loss: 0.9084174036979675; CER: 0.0030136904679238796; WER: 0.018477946519851685; val_loss: 15.751944541931152; val_CER: 0.018808575347065926; val_WER: 0.07676643878221512
2024-11-18 07:32:04,579 - root - INFO - Epoch 122; loss: 0.8996268510818481; CER: 0.0030057437252253294; WER: 0.01841730624437332; val_loss: 15.566023826599121; val_CER: 0.018640318885445595; val_WER: 0.07587815821170807
2024-11-18 07:37:51,736 - root - INFO - Epoch 123; loss: 0.9197609424591064; CER: 0.0030033497605472803; WER: 0.01790628768503666; val_loss: 15.420937538146973; val_CER: 0.0185940433293581; val_WER: 0.07595738768577576
2024-11-18 07:43:38,364 - root - INFO - Epoch 124; loss: 0.8869453072547913; CER: 0.002986058359965682; WER: 0.01778727024793625; val_loss: 15.712096214294434; val_CER: 0.01828240044414997; val_WER: 0.07490666210651398
2024-11-18 07:49:26,681 - root - INFO - Epoch 125; loss: 0.8751037120819092; CER: 0.0028968381229788065; WER: 0.017689375206828117; val_loss: 15.487161636352539; val_CER: 0.01851864904165268; val_WER: 0.07637014985084534
2024-11-18 07:55:17,236 - root - INFO - Epoch 126; loss: 0.82075434923172; CER: 0.0027559734880924225; WER: 0.016825085505843163; val_loss: 15.624205589294434; val_CER: 0.018534481525421143; val_WER: 0.07505940645933151
2024-11-18 08:01:05,894 - root - INFO - Epoch 127; loss: 0.8290919065475464; CER: 0.002854069694876671; WER: 0.017414653673768044; val_loss: 15.920065879821777; val_CER: 0.018476171419024467; val_WER: 0.07579158246517181
2024-11-18 08:06:54,365 - root - INFO - Epoch 128; loss: 0.8340349197387695; CER: 0.002719674026593566; WER: 0.016568226739764214; val_loss: 15.82416820526123; val_CER: 0.018564345315098763; val_WER: 0.07476971298456192
2024-11-18 08:12:42,476 - root - INFO - Epoch 129; loss: 0.7907755374908447; CER: 0.002636216813698411; WER: 0.016262680292129517; val_loss: 16.03054428100586; val_CER: 0.01860983669757843; val_WER: 0.07446933537721634
2024-11-18 08:18:31,659 - root - INFO - Epoch 130; loss: 0.7932080626487732; CER: 0.0027264964301139116; WER: 0.01667657494544983; val_loss: 15.837113380432129; val_CER: 0.01864139549434185; val_WER: 0.07652982324361801
2024-11-18 08:24:20,547 - root - INFO - Epoch 131; loss: 0.7648410201072693; CER: 0.002529843244701624; WER: 0.015367900021374226; val_loss: 15.799782752990723; val_CER: 0.018713409081101418; val_WER: 0.0753975659608841
2024-11-18 08:30:08,731 - root - INFO - Epoch 132; loss: 0.7442482113838196; CER: 0.0024227045942097902; WER: 0.014653021469712257; val_loss: 15.834113121032715; val_CER: 0.018840506672859192; val_WER: 0.07713157683610916
2024-11-18 08:35:56,394 - root - INFO - Epoch 133; loss: 0.7357006669044495; CER: 0.002423658734187484; WER: 0.014665658585727215; val_loss: 15.993700981140137; val_CER: 0.0184386745095253; val_WER: 0.0748969092965126
2024-11-18 08:41:44,962 - root - INFO - Epoch 134; loss: 0.74806147813797; CER: 0.0025298327673226595; WER: 0.015402584336698055; val_loss: 15.699963569641113; val_CER: 0.018375754356384277; val_WER: 0.07462002336978912
2024-11-18 08:47:33,338 - root - INFO - Epoch 135; loss: 0.7126913070678711; CER: 0.0023569364566355944; WER: 0.014357570558786392; val_loss: 15.846137046813965; val_CER: 0.01839679293334484; val_WER: 0.07511039823293686
2024-11-18 08:53:21,267 - root - INFO - Epoch 136; loss: 0.6924837231636047; CER: 0.0024046313483268023; WER: 0.014769351109862328; val_loss: 16.02003288269043; val_CER: 0.018439769744873047; val_WER: 0.07434698194265366
2024-11-18 08:59:09,401 - root - INFO - Epoch 137; loss: 0.676406979560852; CER: 0.002312340307980776; WER: 0.014147862792015076; val_loss: 16.02651596069336; val_CER: 0.018628397956490517; val_WER: 0.07504531741142273
2024-11-18 09:04:57,678 - root - INFO - Epoch 138; loss: 0.6761155724525452; CER: 0.0022736347746104; WER: 0.013787774369120598; val_loss: 15.822092056274414; val_CER: 0.01851903460919857; val_WER: 0.07428702712059021
2024-11-18 09:10:46,507 - root - INFO - Epoch 139; loss: 0.6622092723846436; CER: 0.0023120329715311527; WER: 0.01397581584751606; val_loss: 15.807209968566895; val_CER: 0.018446072936058044; val_WER: 0.07417608052492142
2024-11-18 09:10:48,485 - tf2onnx.tfonnx - INFO - Using tensorflow=2.10.0, onnx=1.12.0, tf2onnx=1.13.0/2c1db5
2024-11-18 09:10:48,486 - tf2onnx.tfonnx - INFO - Using opset <onnx, 13>
2024-11-18 09:10:48,842 - tf2onnx.tf_utils - INFO - Computed 0 values for constant folding
2024-11-18 09:10:48,843 - tf2onnx.tf_utils - INFO - Computed 0 values for constant folding
2024-11-18 09:10:48,847 - tf2onnx.tf_utils - INFO - Computed 0 values for constant folding
2024-11-18 09:10:48,848 - tf2onnx.tf_utils - INFO - Computed 0 values for constant folding
2024-11-18 09:10:48,852 - tf2onnx.tf_utils - INFO - Computed 0 values for constant folding
2024-11-18 09:10:48,855 - tf2onnx.tf_utils - INFO - Computed 0 values for constant folding
2024-11-18 09:10:48,856 - tf2onnx.tf_utils - INFO - Computed 0 values for constant folding
2024-11-18 09:10:48,859 - tf2onnx.tf_utils - INFO - Computed 0 values for constant folding
2024-11-18 09:10:48,861 - tf2onnx.tf_utils - INFO - Computed 0 values for constant folding
2024-11-18 09:10:48,862 - tf2onnx.tf_utils - INFO - Computed 0 values for constant folding
2024-11-18 09:10:48,863 - tf2onnx.tf_utils - INFO - Computed 0 values for constant folding
2024-11-18 09:10:48,865 - tf2onnx.tf_utils - INFO - Computed 0 values for constant folding
2024-11-18 09:10:48,868 - tf2onnx.tf_utils - INFO - Computed 0 values for constant folding
2024-11-18 09:10:48,872 - tf2onnx.tf_utils - INFO - Computed 0 values for constant folding
2024-11-18 09:10:48,875 - tf2onnx.tf_utils - INFO - Computed 0 values for constant folding
2024-11-18 09:10:48,879 - tf2onnx.tf_utils - INFO - Computed 0 values for constant folding
2024-11-18 09:10:48,880 - tf2onnx.tf_utils - INFO - Computed 0 values for constant folding
2024-11-18 09:10:48,884 - tf2onnx.tf_utils - INFO - Computed 0 values for constant folding
2024-11-18 09:10:48,887 - tf2onnx.tf_utils - INFO - Computed 0 values for constant folding
2024-11-18 09:10:48,888 - tf2onnx.tf_utils - INFO - Computed 0 values for constant folding
2024-11-18 09:10:48,908 - tf2onnx.tf_utils - INFO - Computed 0 values for constant folding
2024-11-18 09:10:49,180 - tf2onnx.optimizer - INFO - Optimizing ONNX model
2024-11-18 09:10:49,455 - tf2onnx.optimizer - INFO - After optimization: BatchNormalization -2 (2->0), Cast -22 (39->17), Concat -21 (40->19), Const -254 (293->39), Expand -15 (20->5), Gather +5 (4->9), Identity -2 (2->0), ReduceProd -2 (4->2), Shape -5 (13->8), Slice -5 (21->16), Squeeze -11 (21->10), Transpose -20 (23->3), Unsqueeze -60 (68->8)
